CRITICAL - 2022-08-02 09:17:03 --> Undefined variable: admin
#0 C:\Users\XIANGLU\Desktop\JAYANTI\projectJayanti\app\Views\pages\adminView.php(46): CodeIgniter\Debug\Exceptions->errorHandler(8, 'Undefined varia...', 'C:\\Users\\XIANGL...', 46, Array)
#1 C:\Users\XIANGLU\Desktop\JAYANTI\projectJayanti\system\View\View.php(210): include('C:\\Users\\XIANGL...')
#2 C:\Users\XIANGLU\Desktop\JAYANTI\projectJayanti\system\View\View.php(213): CodeIgniter\View\View->CodeIgniter\View\{closure}()
#3 C:\Users\XIANGLU\Desktop\JAYANTI\projectJayanti\system\Common.php(1089): CodeIgniter\View\View->render('pages/adminView', Array, true)
#4 C:\Users\XIANGLU\Desktop\JAYANTI\projectJayanti\app\Controllers\Admin.php(29): view('pages/adminView', Array)
#5 C:\Users\XIANGLU\Desktop\JAYANTI\projectJayanti\system\CodeIgniter.php(832): App\Controllers\Admin->index()
#6 C:\Users\XIANGLU\Desktop\JAYANTI\projectJayanti\system\CodeIgniter.php(419): CodeIgniter\CodeIgniter->runController(Object(App\Controllers\Admin))
#7 C:\Users\XIANGLU\Desktop\JAYANTI\projectJayanti\system\CodeIgniter.php(326): CodeIgniter\CodeIgniter->handleRequest(NULL, Object(Config\Cache), false)
#8 C:\Users\XIANGLU\Desktop\JAYANTI\projectJayanti\public\index.php(37): CodeIgniter\CodeIgniter->run()
#9 C:\Users\XIANGLU\Desktop\JAYANTI\projectJayanti\system\Commands\Server\rewrite.php(43): require_once('C:\\Users\\XIANGL...')
#10 {main}
CRITICAL - 2022-08-02 09:17:47 --> Undefined index: id
#0 C:\Users\XIANGLU\Desktop\JAYANTI\projectJayanti\app\Views\pages\adminView.php(46): CodeIgniter\Debug\Exceptions->errorHandler(8, 'Undefined index...', 'C:\\Users\\XIANGL...', 46, Array)
#1 C:\Users\XIANGLU\Desktop\JAYANTI\projectJayanti\system\View\View.php(210): include('C:\\Users\\XIANGL...')
#2 C:\Users\XIANGLU\Desktop\JAYANTI\projectJayanti\system\View\View.php(213): CodeIgniter\View\View->CodeIgniter\View\{closure}()
#3 C:\Users\XIANGLU\Desktop\JAYANTI\projectJayanti\system\Common.php(1089): CodeIgniter\View\View->render('pages/adminView', Array, true)
#4 C:\Users\XIANGLU\Desktop\JAYANTI\projectJayanti\app\Controllers\Admin.php(29): view('pages/adminView', Array)
#5 C:\Users\XIANGLU\Desktop\JAYANTI\projectJayanti\system\CodeIgniter.php(832): App\Controllers\Admin->index()
#6 C:\Users\XIANGLU\Desktop\JAYANTI\projectJayanti\system\CodeIgniter.php(419): CodeIgniter\CodeIgniter->runController(Object(App\Controllers\Admin))
#7 C:\Users\XIANGLU\Desktop\JAYANTI\projectJayanti\system\CodeIgniter.php(326): CodeIgniter\CodeIgniter->handleRequest(NULL, Object(Config\Cache), false)
#8 C:\Users\XIANGLU\Desktop\JAYANTI\projectJayanti\public\index.php(37): CodeIgniter\CodeIgniter->run()
#9 C:\Users\XIANGLU\Desktop\JAYANTI\projectJayanti\system\Commands\Server\rewrite.php(43): require_once('C:\\Users\\XIANGL...')
#10 {main}
CRITICAL - 2022-08-02 09:18:02 --> Undefined index: id
#0 C:\Users\XIANGLU\Desktop\JAYANTI\projectJayanti\app\Views\pages\adminView.php(46): CodeIgniter\Debug\Exceptions->errorHandler(8, 'Undefined index...', 'C:\\Users\\XIANGL...', 46, Array)
#1 C:\Users\XIANGLU\Desktop\JAYANTI\projectJayanti\system\View\View.php(210): include('C:\\Users\\XIANGL...')
#2 C:\Users\XIANGLU\Desktop\JAYANTI\projectJayanti\system\View\View.php(213): CodeIgniter\View\View->CodeIgniter\View\{closure}()
#3 C:\Users\XIANGLU\Desktop\JAYANTI\projectJayanti\system\Common.php(1089): CodeIgniter\View\View->render('pages/adminView', Array, true)
#4 C:\Users\XIANGLU\Desktop\JAYANTI\projectJayanti\app\Controllers\Admin.php(29): view('pages/adminView', Array)
#5 C:\Users\XIANGLU\Desktop\JAYANTI\projectJayanti\system\CodeIgniter.php(832): App\Controllers\Admin->index()
#6 C:\Users\XIANGLU\Desktop\JAYANTI\projectJayanti\system\CodeIgniter.php(419): CodeIgniter\CodeIgniter->runController(Object(App\Controllers\Admin))
#7 C:\Users\XIANGLU\Desktop\JAYANTI\projectJayanti\system\CodeIgniter.php(326): CodeIgniter\CodeIgniter->handleRequest(NULL, Object(Config\Cache), false)
#8 C:\Users\XIANGLU\Desktop\JAYANTI\projectJayanti\public\index.php(37): CodeIgniter\CodeIgniter->run()
#9 C:\Users\XIANGLU\Desktop\JAYANTI\projectJayanti\system\Commands\Server\rewrite.php(43): require_once('C:\\Users\\XIANGL...')
#10 {main}
CRITICAL - 2022-08-02 09:19:47 --> syntax error, unexpected '$this' (T_VARIABLE), expecting function (T_FUNCTION) or const (T_CONST)
#0 C:\Users\XIANGLU\Desktop\JAYANTI\projectJayanti\system\Router\Router.php(175): CodeIgniter\Router\Router->autoRoute('admin')
#1 C:\Users\XIANGLU\Desktop\JAYANTI\projectJayanti\system\CodeIgniter.php(726): CodeIgniter\Router\Router->handle('admin')
#2 C:\Users\XIANGLU\Desktop\JAYANTI\projectJayanti\system\CodeIgniter.php(368): CodeIgniter\CodeIgniter->tryToRouteIt(Object(CodeIgniter\Router\RouteCollection))
#3 C:\Users\XIANGLU\Desktop\JAYANTI\projectJayanti\system\CodeIgniter.php(326): CodeIgniter\CodeIgniter->handleRequest(NULL, Object(Config\Cache), false)
#4 C:\Users\XIANGLU\Desktop\JAYANTI\projectJayanti\public\index.php(37): CodeIgniter\CodeIgniter->run()
#5 C:\Users\XIANGLU\Desktop\JAYANTI\projectJayanti\system\Commands\Server\rewrite.php(43): require_once('C:\\Users\\XIANGL...')
#6 {main}
CRITICAL - 2022-08-02 09:20:05 --> Call to undefined method App\Models\AccountModel::getVar
#0 C:\Users\XIANGLU\Desktop\JAYANTI\projectJayanti\app\Controllers\Admin.php(147): CodeIgniter\Model->__call('getVar', Array)
#1 C:\Users\XIANGLU\Desktop\JAYANTI\projectJayanti\system\CodeIgniter.php(832): App\Controllers\Admin->delete('22070038')
#2 C:\Users\XIANGLU\Desktop\JAYANTI\projectJayanti\system\CodeIgniter.php(419): CodeIgniter\CodeIgniter->runController(Object(App\Controllers\Admin))
#3 C:\Users\XIANGLU\Desktop\JAYANTI\projectJayanti\system\CodeIgniter.php(326): CodeIgniter\CodeIgniter->handleRequest(NULL, Object(Config\Cache), false)
#4 C:\Users\XIANGLU\Desktop\JAYANTI\projectJayanti\public\index.php(37): CodeIgniter\CodeIgniter->run()
#5 C:\Users\XIANGLU\Desktop\JAYANTI\projectJayanti\system\Commands\Server\rewrite.php(43): require_once('C:\\Users\\XIANGL...')
#6 {main}
CRITICAL - 2022-08-02 09:20:19 --> Call to undefined method App\Models\AccountModel::getVar
#0 C:\Users\XIANGLU\Desktop\JAYANTI\projectJayanti\app\Controllers\Admin.php(147): CodeIgniter\Model->__call('getVar', Array)
#1 C:\Users\XIANGLU\Desktop\JAYANTI\projectJayanti\system\CodeIgniter.php(832): App\Controllers\Admin->delete('22070038')
#2 C:\Users\XIANGLU\Desktop\JAYANTI\projectJayanti\system\CodeIgniter.php(419): CodeIgniter\CodeIgniter->runController(Object(App\Controllers\Admin))
#3 C:\Users\XIANGLU\Desktop\JAYANTI\projectJayanti\system\CodeIgniter.php(326): CodeIgniter\CodeIgniter->handleRequest(NULL, Object(Config\Cache), false)
#4 C:\Users\XIANGLU\Desktop\JAYANTI\projectJayanti\public\index.php(37): CodeIgniter\CodeIgniter->run()
#5 C:\Users\XIANGLU\Desktop\JAYANTI\projectJayanti\system\Commands\Server\rewrite.php(43): require_once('C:\\Users\\XIANGL...')
#6 {main}
CRITICAL - 2022-08-02 09:20:20 --> Call to undefined method App\Models\AccountModel::getVar
#0 C:\Users\XIANGLU\Desktop\JAYANTI\projectJayanti\app\Controllers\Admin.php(147): CodeIgniter\Model->__call('getVar', Array)
#1 C:\Users\XIANGLU\Desktop\JAYANTI\projectJayanti\system\CodeIgniter.php(832): App\Controllers\Admin->delete('22070038')
#2 C:\Users\XIANGLU\Desktop\JAYANTI\projectJayanti\system\CodeIgniter.php(419): CodeIgniter\CodeIgniter->runController(Object(App\Controllers\Admin))
#3 C:\Users\XIANGLU\Desktop\JAYANTI\projectJayanti\system\CodeIgniter.php(326): CodeIgniter\CodeIgniter->handleRequest(NULL, Object(Config\Cache), false)
#4 C:\Users\XIANGLU\Desktop\JAYANTI\projectJayanti\public\index.php(37): CodeIgniter\CodeIgniter->run()
#5 C:\Users\XIANGLU\Desktop\JAYANTI\projectJayanti\system\Commands\Server\rewrite.php(43): require_once('C:\\Users\\XIANGL...')
#6 {main}
CRITICAL - 2022-08-02 09:20:56 --> Call to undefined method App\Models\AccountModel::getVar
#0 C:\Users\XIANGLU\Desktop\JAYANTI\projectJayanti\app\Controllers\Admin.php(147): CodeIgniter\Model->__call('getVar', Array)
#1 C:\Users\XIANGLU\Desktop\JAYANTI\projectJayanti\system\CodeIgniter.php(832): App\Controllers\Admin->delete('22070038')
#2 C:\Users\XIANGLU\Desktop\JAYANTI\projectJayanti\system\CodeIgniter.php(419): CodeIgniter\CodeIgniter->runController(Object(App\Controllers\Admin))
#3 C:\Users\XIANGLU\Desktop\JAYANTI\projectJayanti\system\CodeIgniter.php(326): CodeIgniter\CodeIgniter->handleRequest(NULL, Object(Config\Cache), false)
#4 C:\Users\XIANGLU\Desktop\JAYANTI\projectJayanti\public\index.php(37): CodeIgniter\CodeIgniter->run()
#5 C:\Users\XIANGLU\Desktop\JAYANTI\projectJayanti\system\Commands\Server\rewrite.php(43): require_once('C:\\Users\\XIANGL...')
#6 {main}
CRITICAL - 2022-08-02 09:21:46 --> Call to undefined method App\Models\AccountModel::getVar
#0 C:\Users\XIANGLU\Desktop\JAYANTI\projectJayanti\app\Controllers\Admin.php(147): CodeIgniter\Model->__call('getVar', Array)
#1 C:\Users\XIANGLU\Desktop\JAYANTI\projectJayanti\system\CodeIgniter.php(832): App\Controllers\Admin->delete('22070037')
#2 C:\Users\XIANGLU\Desktop\JAYANTI\projectJayanti\system\CodeIgniter.php(419): CodeIgniter\CodeIgniter->runController(Object(App\Controllers\Admin))
#3 C:\Users\XIANGLU\Desktop\JAYANTI\projectJayanti\system\CodeIgniter.php(326): CodeIgniter\CodeIgniter->handleRequest(NULL, Object(Config\Cache), false)
#4 C:\Users\XIANGLU\Desktop\JAYANTI\projectJayanti\public\index.php(37): CodeIgniter\CodeIgniter->run()
#5 C:\Users\XIANGLU\Desktop\JAYANTI\projectJayanti\system\Commands\Server\rewrite.php(43): require_once('C:\\Users\\XIANGL...')
#6 {main}
CRITICAL - 2022-08-02 09:35:25 --> Undefined property: App\Controllers\Admin::$builder
#0 C:\Users\XIANGLU\Desktop\JAYANTI\projectJayanti\app\Controllers\Admin.php(148): CodeIgniter\Debug\Exceptions->errorHandler(8, 'Undefined prope...', 'C:\\Users\\XIANGL...', 148, Array)
#1 C:\Users\XIANGLU\Desktop\JAYANTI\projectJayanti\system\CodeIgniter.php(832): App\Controllers\Admin->delete('22070037')
#2 C:\Users\XIANGLU\Desktop\JAYANTI\projectJayanti\system\CodeIgniter.php(419): CodeIgniter\CodeIgniter->runController(Object(App\Controllers\Admin))
#3 C:\Users\XIANGLU\Desktop\JAYANTI\projectJayanti\system\CodeIgniter.php(326): CodeIgniter\CodeIgniter->handleRequest(NULL, Object(Config\Cache), false)
#4 C:\Users\XIANGLU\Desktop\JAYANTI\projectJayanti\public\index.php(37): CodeIgniter\CodeIgniter->run()
#5 C:\Users\XIANGLU\Desktop\JAYANTI\projectJayanti\system\Commands\Server\rewrite.php(43): require_once('C:\\Users\\XIANGL...')
#6 {main}
CRITICAL - 2022-08-02 09:35:55 --> Trying to access array offset on value of type null
#0 C:\Users\XIANGLU\Desktop\JAYANTI\projectJayanti\app\Views\pages\detailAccountView.php(17): CodeIgniter\Debug\Exceptions->errorHandler(8, 'Trying to acces...', 'C:\\Users\\XIANGL...', 17, Array)
#1 C:\Users\XIANGLU\Desktop\JAYANTI\projectJayanti\system\View\View.php(210): include('C:\\Users\\XIANGL...')
#2 C:\Users\XIANGLU\Desktop\JAYANTI\projectJayanti\system\View\View.php(213): CodeIgniter\View\View->CodeIgniter\View\{closure}()
#3 C:\Users\XIANGLU\Desktop\JAYANTI\projectJayanti\system\Common.php(1089): CodeIgniter\View\View->render('pages/detailAcc...', Array, true)
#4 C:\Users\XIANGLU\Desktop\JAYANTI\projectJayanti\app\Controllers\Admin.php(40): view('pages/detailAcc...', Array)
#5 C:\Users\XIANGLU\Desktop\JAYANTI\projectJayanti\system\CodeIgniter.php(832): App\Controllers\Admin->detail('delete', '22070037')
#6 C:\Users\XIANGLU\Desktop\JAYANTI\projectJayanti\system\CodeIgniter.php(419): CodeIgniter\CodeIgniter->runController(Object(App\Controllers\Admin))
#7 C:\Users\XIANGLU\Desktop\JAYANTI\projectJayanti\system\CodeIgniter.php(326): CodeIgniter\CodeIgniter->handleRequest(NULL, Object(Config\Cache), false)
#8 C:\Users\XIANGLU\Desktop\JAYANTI\projectJayanti\public\index.php(37): CodeIgniter\CodeIgniter->run()
#9 C:\Users\XIANGLU\Desktop\JAYANTI\projectJayanti\system\Commands\Server\rewrite.php(43): require_once('C:\\Users\\XIANGL...')
#10 {main}
CRITICAL - 2022-08-02 09:35:58 --> Trying to access array offset on value of type null
#0 C:\Users\XIANGLU\Desktop\JAYANTI\projectJayanti\app\Views\pages\detailAccountView.php(17): CodeIgniter\Debug\Exceptions->errorHandler(8, 'Trying to acces...', 'C:\\Users\\XIANGL...', 17, Array)
#1 C:\Users\XIANGLU\Desktop\JAYANTI\projectJayanti\system\View\View.php(210): include('C:\\Users\\XIANGL...')
#2 C:\Users\XIANGLU\Desktop\JAYANTI\projectJayanti\system\View\View.php(213): CodeIgniter\View\View->CodeIgniter\View\{closure}()
#3 C:\Users\XIANGLU\Desktop\JAYANTI\projectJayanti\system\Common.php(1089): CodeIgniter\View\View->render('pages/detailAcc...', Array, true)
#4 C:\Users\XIANGLU\Desktop\JAYANTI\projectJayanti\app\Controllers\Admin.php(40): view('pages/detailAcc...', Array)
#5 C:\Users\XIANGLU\Desktop\JAYANTI\projectJayanti\system\CodeIgniter.php(832): App\Controllers\Admin->detail('delete', '22070037')
#6 C:\Users\XIANGLU\Desktop\JAYANTI\projectJayanti\system\CodeIgniter.php(419): CodeIgniter\CodeIgniter->runController(Object(App\Controllers\Admin))
#7 C:\Users\XIANGLU\Desktop\JAYANTI\projectJayanti\system\CodeIgniter.php(326): CodeIgniter\CodeIgniter->handleRequest(NULL, Object(Config\Cache), false)
#8 C:\Users\XIANGLU\Desktop\JAYANTI\projectJayanti\public\index.php(37): CodeIgniter\CodeIgniter->run()
#9 C:\Users\XIANGLU\Desktop\JAYANTI\projectJayanti\system\Commands\Server\rewrite.php(43): require_once('C:\\Users\\XIANGL...')
#10 {main}
CRITICAL - 2022-08-02 09:38:17 --> Trying to access array offset on value of type null
#0 C:\Users\XIANGLU\Desktop\JAYANTI\projectJayanti\app\Views\pages\detailAccountView.php(17): CodeIgniter\Debug\Exceptions->errorHandler(8, 'Trying to acces...', 'C:\\Users\\XIANGL...', 17, Array)
#1 C:\Users\XIANGLU\Desktop\JAYANTI\projectJayanti\system\View\View.php(210): include('C:\\Users\\XIANGL...')
#2 C:\Users\XIANGLU\Desktop\JAYANTI\projectJayanti\system\View\View.php(213): CodeIgniter\View\View->CodeIgniter\View\{closure}()
#3 C:\Users\XIANGLU\Desktop\JAYANTI\projectJayanti\system\Common.php(1089): CodeIgniter\View\View->render('pages/detailAcc...', Array, true)
#4 C:\Users\XIANGLU\Desktop\JAYANTI\projectJayanti\app\Controllers\Admin.php(40): view('pages/detailAcc...', Array)
#5 C:\Users\XIANGLU\Desktop\JAYANTI\projectJayanti\system\CodeIgniter.php(832): App\Controllers\Admin->detail('delete', '22070037')
#6 C:\Users\XIANGLU\Desktop\JAYANTI\projectJayanti\system\CodeIgniter.php(419): CodeIgniter\CodeIgniter->runController(Object(App\Controllers\Admin))
#7 C:\Users\XIANGLU\Desktop\JAYANTI\projectJayanti\system\CodeIgniter.php(326): CodeIgniter\CodeIgniter->handleRequest(NULL, Object(Config\Cache), false)
#8 C:\Users\XIANGLU\Desktop\JAYANTI\projectJayanti\public\index.php(37): CodeIgniter\CodeIgniter->run()
#9 C:\Users\XIANGLU\Desktop\JAYANTI\projectJayanti\system\Commands\Server\rewrite.php(43): require_once('C:\\Users\\XIANGL...')
#10 {main}
CRITICAL - 2022-08-02 09:39:18 --> Trying to access array offset on value of type null
#0 C:\Users\XIANGLU\Desktop\JAYANTI\projectJayanti\app\Views\pages\detailAccountView.php(17): CodeIgniter\Debug\Exceptions->errorHandler(8, 'Trying to acces...', 'C:\\Users\\XIANGL...', 17, Array)
#1 C:\Users\XIANGLU\Desktop\JAYANTI\projectJayanti\system\View\View.php(210): include('C:\\Users\\XIANGL...')
#2 C:\Users\XIANGLU\Desktop\JAYANTI\projectJayanti\system\View\View.php(213): CodeIgniter\View\View->CodeIgniter\View\{closure}()
#3 C:\Users\XIANGLU\Desktop\JAYANTI\projectJayanti\system\Common.php(1089): CodeIgniter\View\View->render('pages/detailAcc...', Array, true)
#4 C:\Users\XIANGLU\Desktop\JAYANTI\projectJayanti\app\Controllers\Admin.php(40): view('pages/detailAcc...', Array)
#5 C:\Users\XIANGLU\Desktop\JAYANTI\projectJayanti\system\CodeIgniter.php(832): App\Controllers\Admin->detail('delete', '22070037')
#6 C:\Users\XIANGLU\Desktop\JAYANTI\projectJayanti\system\CodeIgniter.php(419): CodeIgniter\CodeIgniter->runController(Object(App\Controllers\Admin))
#7 C:\Users\XIANGLU\Desktop\JAYANTI\projectJayanti\system\CodeIgniter.php(326): CodeIgniter\CodeIgniter->handleRequest(NULL, Object(Config\Cache), false)
#8 C:\Users\XIANGLU\Desktop\JAYANTI\projectJayanti\public\index.php(37): CodeIgniter\CodeIgniter->run()
#9 C:\Users\XIANGLU\Desktop\JAYANTI\projectJayanti\system\Commands\Server\rewrite.php(43): require_once('C:\\Users\\XIANGL...')
#10 {main}
CRITICAL - 2022-08-02 09:47:35 --> Trying to access array offset on value of type null
#0 C:\Users\XIANGLU\Desktop\JAYANTI\projectJayanti\app\Views\pages\detailAccountView.php(17): CodeIgniter\Debug\Exceptions->errorHandler(8, 'Trying to acces...', 'C:\\Users\\XIANGL...', 17, Array)
#1 C:\Users\XIANGLU\Desktop\JAYANTI\projectJayanti\system\View\View.php(210): include('C:\\Users\\XIANGL...')
#2 C:\Users\XIANGLU\Desktop\JAYANTI\projectJayanti\system\View\View.php(213): CodeIgniter\View\View->CodeIgniter\View\{closure}()
#3 C:\Users\XIANGLU\Desktop\JAYANTI\projectJayanti\system\Common.php(1089): CodeIgniter\View\View->render('pages/detailAcc...', Array, true)
#4 C:\Users\XIANGLU\Desktop\JAYANTI\projectJayanti\app\Controllers\Admin.php(40): view('pages/detailAcc...', Array)
#5 C:\Users\XIANGLU\Desktop\JAYANTI\projectJayanti\system\CodeIgniter.php(832): App\Controllers\Admin->detail('delete', '22070037')
#6 C:\Users\XIANGLU\Desktop\JAYANTI\projectJayanti\system\CodeIgniter.php(419): CodeIgniter\CodeIgniter->runController(Object(App\Controllers\Admin))
#7 C:\Users\XIANGLU\Desktop\JAYANTI\projectJayanti\system\CodeIgniter.php(326): CodeIgniter\CodeIgniter->handleRequest(NULL, Object(Config\Cache), false)
#8 C:\Users\XIANGLU\Desktop\JAYANTI\projectJayanti\public\index.php(37): CodeIgniter\CodeIgniter->run()
#9 C:\Users\XIANGLU\Desktop\JAYANTI\projectJayanti\system\Commands\Server\rewrite.php(43): require_once('C:\\Users\\XIANGL...')
#10 {main}
CRITICAL - 2022-08-02 09:48:03 --> Trying to access array offset on value of type null
#0 C:\Users\XIANGLU\Desktop\JAYANTI\projectJayanti\app\Views\pages\detailAccountView.php(17): CodeIgniter\Debug\Exceptions->errorHandler(8, 'Trying to acces...', 'C:\\Users\\XIANGL...', 17, Array)
#1 C:\Users\XIANGLU\Desktop\JAYANTI\projectJayanti\system\View\View.php(210): include('C:\\Users\\XIANGL...')
#2 C:\Users\XIANGLU\Desktop\JAYANTI\projectJayanti\system\View\View.php(213): CodeIgniter\View\View->CodeIgniter\View\{closure}()
#3 C:\Users\XIANGLU\Desktop\JAYANTI\projectJayanti\system\Common.php(1089): CodeIgniter\View\View->render('pages/detailAcc...', Array, true)
#4 C:\Users\XIANGLU\Desktop\JAYANTI\projectJayanti\app\Controllers\Admin.php(40): view('pages/detailAcc...', Array)
#5 C:\Users\XIANGLU\Desktop\JAYANTI\projectJayanti\system\CodeIgniter.php(832): App\Controllers\Admin->detail('delete', '22070037')
#6 C:\Users\XIANGLU\Desktop\JAYANTI\projectJayanti\system\CodeIgniter.php(419): CodeIgniter\CodeIgniter->runController(Object(App\Controllers\Admin))
#7 C:\Users\XIANGLU\Desktop\JAYANTI\projectJayanti\system\CodeIgniter.php(326): CodeIgniter\CodeIgniter->handleRequest(NULL, Object(Config\Cache), false)
#8 C:\Users\XIANGLU\Desktop\JAYANTI\projectJayanti\public\index.php(37): CodeIgniter\CodeIgniter->run()
#9 C:\Users\XIANGLU\Desktop\JAYANTI\projectJayanti\system\Commands\Server\rewrite.php(43): require_once('C:\\Users\\XIANGL...')
#10 {main}
CRITICAL - 2022-08-02 09:49:18 --> Trying to access array offset on value of type null
#0 C:\Users\XIANGLU\Desktop\JAYANTI\projectJayanti\app\Views\pages\detailAccountView.php(17): CodeIgniter\Debug\Exceptions->errorHandler(8, 'Trying to acces...', 'C:\\Users\\XIANGL...', 17, Array)
#1 C:\Users\XIANGLU\Desktop\JAYANTI\projectJayanti\system\View\View.php(210): include('C:\\Users\\XIANGL...')
#2 C:\Users\XIANGLU\Desktop\JAYANTI\projectJayanti\system\View\View.php(213): CodeIgniter\View\View->CodeIgniter\View\{closure}()
#3 C:\Users\XIANGLU\Desktop\JAYANTI\projectJayanti\system\Common.php(1089): CodeIgniter\View\View->render('pages/detailAcc...', Array, true)
#4 C:\Users\XIANGLU\Desktop\JAYANTI\projectJayanti\app\Controllers\Admin.php(40): view('pages/detailAcc...', Array)
#5 C:\Users\XIANGLU\Desktop\JAYANTI\projectJayanti\system\CodeIgniter.php(832): App\Controllers\Admin->detail('delete', '42')
#6 C:\Users\XIANGLU\Desktop\JAYANTI\projectJayanti\system\CodeIgniter.php(419): CodeIgniter\CodeIgniter->runController(Object(App\Controllers\Admin))
#7 C:\Users\XIANGLU\Desktop\JAYANTI\projectJayanti\system\CodeIgniter.php(326): CodeIgniter\CodeIgniter->handleRequest(NULL, Object(Config\Cache), false)
#8 C:\Users\XIANGLU\Desktop\JAYANTI\projectJayanti\public\index.php(37): CodeIgniter\CodeIgniter->run()
#9 C:\Users\XIANGLU\Desktop\JAYANTI\projectJayanti\system\Commands\Server\rewrite.php(43): require_once('C:\\Users\\XIANGL...')
#10 {main}
CRITICAL - 2022-08-02 10:18:30 --> Trying to access array offset on value of type null
#0 C:\Users\XIANGLU\Desktop\JAYANTI\projectJayanti\app\Views\pages\detailAccountView.php(25): CodeIgniter\Debug\Exceptions->errorHandler(8, 'Trying to acces...', 'C:\\Users\\XIANGL...', 25, Array)
#1 C:\Users\XIANGLU\Desktop\JAYANTI\projectJayanti\system\View\View.php(210): include('C:\\Users\\XIANGL...')
#2 C:\Users\XIANGLU\Desktop\JAYANTI\projectJayanti\system\View\View.php(213): CodeIgniter\View\View->CodeIgniter\View\{closure}()
#3 C:\Users\XIANGLU\Desktop\JAYANTI\projectJayanti\system\Common.php(1089): CodeIgniter\View\View->render('pages/detailAcc...', Array, true)
#4 C:\Users\XIANGLU\Desktop\JAYANTI\projectJayanti\app\Controllers\Admin.php(40): view('pages/detailAcc...', Array)
#5 C:\Users\XIANGLU\Desktop\JAYANTI\projectJayanti\system\CodeIgniter.php(832): App\Controllers\Admin->detail('delete', '42')
#6 C:\Users\XIANGLU\Desktop\JAYANTI\projectJayanti\system\CodeIgniter.php(419): CodeIgniter\CodeIgniter->runController(Object(App\Controllers\Admin))
#7 C:\Users\XIANGLU\Desktop\JAYANTI\projectJayanti\system\CodeIgniter.php(326): CodeIgniter\CodeIgniter->handleRequest(NULL, Object(Config\Cache), false)
#8 C:\Users\XIANGLU\Desktop\JAYANTI\projectJayanti\public\index.php(37): CodeIgniter\CodeIgniter->run()
#9 C:\Users\XIANGLU\Desktop\JAYANTI\projectJayanti\system\Commands\Server\rewrite.php(43): require_once('C:\\Users\\XIANGL...')
#10 {main}
CRITICAL - 2022-08-02 10:18:44 --> Trying to access array offset on value of type null
#0 C:\Users\XIANGLU\Desktop\JAYANTI\projectJayanti\app\Views\pages\detailAccountView.php(17): CodeIgniter\Debug\Exceptions->errorHandler(8, 'Trying to acces...', 'C:\\Users\\XIANGL...', 17, Array)
#1 C:\Users\XIANGLU\Desktop\JAYANTI\projectJayanti\system\View\View.php(210): include('C:\\Users\\XIANGL...')
#2 C:\Users\XIANGLU\Desktop\JAYANTI\projectJayanti\system\View\View.php(213): CodeIgniter\View\View->CodeIgniter\View\{closure}()
#3 C:\Users\XIANGLU\Desktop\JAYANTI\projectJayanti\system\Common.php(1089): CodeIgniter\View\View->render('pages/detailAcc...', Array, true)
#4 C:\Users\XIANGLU\Desktop\JAYANTI\projectJayanti\app\Controllers\Admin.php(40): view('pages/detailAcc...', Array)
#5 C:\Users\XIANGLU\Desktop\JAYANTI\projectJayanti\system\CodeIgniter.php(832): App\Controllers\Admin->detail('delete', '37')
#6 C:\Users\XIANGLU\Desktop\JAYANTI\projectJayanti\system\CodeIgniter.php(419): CodeIgniter\CodeIgniter->runController(Object(App\Controllers\Admin))
#7 C:\Users\XIANGLU\Desktop\JAYANTI\projectJayanti\system\CodeIgniter.php(326): CodeIgniter\CodeIgniter->handleRequest(NULL, Object(Config\Cache), false)
#8 C:\Users\XIANGLU\Desktop\JAYANTI\projectJayanti\public\index.php(37): CodeIgniter\CodeIgniter->run()
#9 C:\Users\XIANGLU\Desktop\JAYANTI\projectJayanti\system\Commands\Server\rewrite.php(43): require_once('C:\\Users\\XIANGL...')
#10 {main}
CRITICAL - 2022-08-02 10:19:23 --> Trying to access array offset on value of type null
#0 C:\Users\XIANGLU\Desktop\JAYANTI\projectJayanti\app\Views\pages\detailAccountView.php(17): CodeIgniter\Debug\Exceptions->errorHandler(8, 'Trying to acces...', 'C:\\Users\\XIANGL...', 17, Array)
#1 C:\Users\XIANGLU\Desktop\JAYANTI\projectJayanti\system\View\View.php(210): include('C:\\Users\\XIANGL...')
#2 C:\Users\XIANGLU\Desktop\JAYANTI\projectJayanti\system\View\View.php(213): CodeIgniter\View\View->CodeIgniter\View\{closure}()
#3 C:\Users\XIANGLU\Desktop\JAYANTI\projectJayanti\system\Common.php(1089): CodeIgniter\View\View->render('pages/detailAcc...', Array, true)
#4 C:\Users\XIANGLU\Desktop\JAYANTI\projectJayanti\app\Controllers\Admin.php(40): view('pages/detailAcc...', Array)
#5 C:\Users\XIANGLU\Desktop\JAYANTI\projectJayanti\system\CodeIgniter.php(832): App\Controllers\Admin->detail('delete', '37')
#6 C:\Users\XIANGLU\Desktop\JAYANTI\projectJayanti\system\CodeIgniter.php(419): CodeIgniter\CodeIgniter->runController(Object(App\Controllers\Admin))
#7 C:\Users\XIANGLU\Desktop\JAYANTI\projectJayanti\system\CodeIgniter.php(326): CodeIgniter\CodeIgniter->handleRequest(NULL, Object(Config\Cache), false)
#8 C:\Users\XIANGLU\Desktop\JAYANTI\projectJayanti\public\index.php(37): CodeIgniter\CodeIgniter->run()
#9 C:\Users\XIANGLU\Desktop\JAYANTI\projectJayanti\system\Commands\Server\rewrite.php(43): require_once('C:\\Users\\XIANGL...')
#10 {main}
CRITICAL - 2022-08-02 10:19:48 --> Trying to access array offset on value of type null
#0 C:\Users\XIANGLU\Desktop\JAYANTI\projectJayanti\app\Views\pages\detailAccountView.php(17): CodeIgniter\Debug\Exceptions->errorHandler(8, 'Trying to acces...', 'C:\\Users\\XIANGL...', 17, Array)
#1 C:\Users\XIANGLU\Desktop\JAYANTI\projectJayanti\system\View\View.php(210): include('C:\\Users\\XIANGL...')
#2 C:\Users\XIANGLU\Desktop\JAYANTI\projectJayanti\system\View\View.php(213): CodeIgniter\View\View->CodeIgniter\View\{closure}()
#3 C:\Users\XIANGLU\Desktop\JAYANTI\projectJayanti\system\Common.php(1089): CodeIgniter\View\View->render('pages/detailAcc...', Array, true)
#4 C:\Users\XIANGLU\Desktop\JAYANTI\projectJayanti\app\Controllers\Admin.php(40): view('pages/detailAcc...', Array)
#5 C:\Users\XIANGLU\Desktop\JAYANTI\projectJayanti\system\CodeIgniter.php(832): App\Controllers\Admin->detail('delete', '37')
#6 C:\Users\XIANGLU\Desktop\JAYANTI\projectJayanti\system\CodeIgniter.php(419): CodeIgniter\CodeIgniter->runController(Object(App\Controllers\Admin))
#7 C:\Users\XIANGLU\Desktop\JAYANTI\projectJayanti\system\CodeIgniter.php(326): CodeIgniter\CodeIgniter->handleRequest(NULL, Object(Config\Cache), false)
#8 C:\Users\XIANGLU\Desktop\JAYANTI\projectJayanti\public\index.php(37): CodeIgniter\CodeIgniter->run()
#9 C:\Users\XIANGLU\Desktop\JAYANTI\projectJayanti\system\Commands\Server\rewrite.php(43): require_once('C:\\Users\\XIANGL...')
#10 {main}
CRITICAL - 2022-08-02 10:21:40 --> Illegal string offset 'foto_profil'
#0 C:\Users\XIANGLU\Desktop\JAYANTI\projectJayanti\app\Views\pages\detailAccountView.php(18): CodeIgniter\Debug\Exceptions->errorHandler(2, 'Illegal string ...', 'C:\\Users\\XIANGL...', 18, Array)
#1 C:\Users\XIANGLU\Desktop\JAYANTI\projectJayanti\system\View\View.php(210): include('C:\\Users\\XIANGL...')
#2 C:\Users\XIANGLU\Desktop\JAYANTI\projectJayanti\system\View\View.php(213): CodeIgniter\View\View->CodeIgniter\View\{closure}()
#3 C:\Users\XIANGLU\Desktop\JAYANTI\projectJayanti\system\Common.php(1089): CodeIgniter\View\View->render('pages/detailAcc...', Array, true)
#4 C:\Users\XIANGLU\Desktop\JAYANTI\projectJayanti\app\Controllers\Admin.php(40): view('pages/detailAcc...', Array)
#5 C:\Users\XIANGLU\Desktop\JAYANTI\projectJayanti\system\CodeIgniter.php(832): App\Controllers\Admin->detail('zulvi')
#6 C:\Users\XIANGLU\Desktop\JAYANTI\projectJayanti\system\CodeIgniter.php(419): CodeIgniter\CodeIgniter->runController(Object(App\Controllers\Admin))
#7 C:\Users\XIANGLU\Desktop\JAYANTI\projectJayanti\system\CodeIgniter.php(326): CodeIgniter\CodeIgniter->handleRequest(NULL, Object(Config\Cache), false)
#8 C:\Users\XIANGLU\Desktop\JAYANTI\projectJayanti\public\index.php(37): CodeIgniter\CodeIgniter->run()
#9 C:\Users\XIANGLU\Desktop\JAYANTI\projectJayanti\system\Commands\Server\rewrite.php(43): require_once('C:\\Users\\XIANGL...')
#10 {main}
CRITICAL - 2022-08-02 10:21:59 --> Invalid argument supplied for foreach()
#0 C:\Users\XIANGLU\Desktop\JAYANTI\projectJayanti\app\Views\pages\detailAccountView.php(9): CodeIgniter\Debug\Exceptions->errorHandler(2, 'Invalid argumen...', 'C:\\Users\\XIANGL...', 9, Array)
#1 C:\Users\XIANGLU\Desktop\JAYANTI\projectJayanti\system\View\View.php(210): include('C:\\Users\\XIANGL...')
#2 C:\Users\XIANGLU\Desktop\JAYANTI\projectJayanti\system\View\View.php(213): CodeIgniter\View\View->CodeIgniter\View\{closure}()
#3 C:\Users\XIANGLU\Desktop\JAYANTI\projectJayanti\system\Common.php(1089): CodeIgniter\View\View->render('pages/detailAcc...', Array, true)
#4 C:\Users\XIANGLU\Desktop\JAYANTI\projectJayanti\app\Controllers\Admin.php(40): view('pages/detailAcc...', Array)
#5 C:\Users\XIANGLU\Desktop\JAYANTI\projectJayanti\system\CodeIgniter.php(832): App\Controllers\Admin->detail('delete', '42')
#6 C:\Users\XIANGLU\Desktop\JAYANTI\projectJayanti\system\CodeIgniter.php(419): CodeIgniter\CodeIgniter->runController(Object(App\Controllers\Admin))
#7 C:\Users\XIANGLU\Desktop\JAYANTI\projectJayanti\system\CodeIgniter.php(326): CodeIgniter\CodeIgniter->handleRequest(NULL, Object(Config\Cache), false)
#8 C:\Users\XIANGLU\Desktop\JAYANTI\projectJayanti\public\index.php(37): CodeIgniter\CodeIgniter->run()
#9 C:\Users\XIANGLU\Desktop\JAYANTI\projectJayanti\system\Commands\Server\rewrite.php(43): require_once('C:\\Users\\XIANGL...')
#10 {main}
CRITICAL - 2022-08-02 10:22:16 --> Trying to access array offset on value of type null
#0 C:\Users\XIANGLU\Desktop\JAYANTI\projectJayanti\app\Views\pages\detailAccountView.php(17): CodeIgniter\Debug\Exceptions->errorHandler(8, 'Trying to acces...', 'C:\\Users\\XIANGL...', 17, Array)
#1 C:\Users\XIANGLU\Desktop\JAYANTI\projectJayanti\system\View\View.php(210): include('C:\\Users\\XIANGL...')
#2 C:\Users\XIANGLU\Desktop\JAYANTI\projectJayanti\system\View\View.php(213): CodeIgniter\View\View->CodeIgniter\View\{closure}()
#3 C:\Users\XIANGLU\Desktop\JAYANTI\projectJayanti\system\Common.php(1089): CodeIgniter\View\View->render('pages/detailAcc...', Array, true)
#4 C:\Users\XIANGLU\Desktop\JAYANTI\projectJayanti\app\Controllers\Admin.php(40): view('pages/detailAcc...', Array)
#5 C:\Users\XIANGLU\Desktop\JAYANTI\projectJayanti\system\CodeIgniter.php(832): App\Controllers\Admin->detail('delete', '42')
#6 C:\Users\XIANGLU\Desktop\JAYANTI\projectJayanti\system\CodeIgniter.php(419): CodeIgniter\CodeIgniter->runController(Object(App\Controllers\Admin))
#7 C:\Users\XIANGLU\Desktop\JAYANTI\projectJayanti\system\CodeIgniter.php(326): CodeIgniter\CodeIgniter->handleRequest(NULL, Object(Config\Cache), false)
#8 C:\Users\XIANGLU\Desktop\JAYANTI\projectJayanti\public\index.php(37): CodeIgniter\CodeIgniter->run()
#9 C:\Users\XIANGLU\Desktop\JAYANTI\projectJayanti\system\Commands\Server\rewrite.php(43): require_once('C:\\Users\\XIANGL...')
#10 {main}
CRITICAL - 2022-08-02 10:22:50 --> Trying to access array offset on value of type null
#0 C:\Users\XIANGLU\Desktop\JAYANTI\projectJayanti\app\Views\pages\detailAccountView.php(17): CodeIgniter\Debug\Exceptions->errorHandler(8, 'Trying to acces...', 'C:\\Users\\XIANGL...', 17, Array)
#1 C:\Users\XIANGLU\Desktop\JAYANTI\projectJayanti\system\View\View.php(210): include('C:\\Users\\XIANGL...')
#2 C:\Users\XIANGLU\Desktop\JAYANTI\projectJayanti\system\View\View.php(213): CodeIgniter\View\View->CodeIgniter\View\{closure}()
#3 C:\Users\XIANGLU\Desktop\JAYANTI\projectJayanti\system\Common.php(1089): CodeIgniter\View\View->render('pages/detailAcc...', Array, true)
#4 C:\Users\XIANGLU\Desktop\JAYANTI\projectJayanti\app\Controllers\Admin.php(40): view('pages/detailAcc...', Array)
#5 C:\Users\XIANGLU\Desktop\JAYANTI\projectJayanti\system\CodeIgniter.php(832): App\Controllers\Admin->detail('delete', '22070038')
#6 C:\Users\XIANGLU\Desktop\JAYANTI\projectJayanti\system\CodeIgniter.php(419): CodeIgniter\CodeIgniter->runController(Object(App\Controllers\Admin))
#7 C:\Users\XIANGLU\Desktop\JAYANTI\projectJayanti\system\CodeIgniter.php(326): CodeIgniter\CodeIgniter->handleRequest(NULL, Object(Config\Cache), false)
#8 C:\Users\XIANGLU\Desktop\JAYANTI\projectJayanti\public\index.php(37): CodeIgniter\CodeIgniter->run()
#9 C:\Users\XIANGLU\Desktop\JAYANTI\projectJayanti\system\Commands\Server\rewrite.php(43): require_once('C:\\Users\\XIANGL...')
#10 {main}
CRITICAL - 2022-08-02 10:23:16 --> Trying to access array offset on value of type null
#0 C:\Users\XIANGLU\Desktop\JAYANTI\projectJayanti\app\Views\pages\detailAccountView.php(17): CodeIgniter\Debug\Exceptions->errorHandler(8, 'Trying to acces...', 'C:\\Users\\XIANGL...', 17, Array)
#1 C:\Users\XIANGLU\Desktop\JAYANTI\projectJayanti\system\View\View.php(210): include('C:\\Users\\XIANGL...')
#2 C:\Users\XIANGLU\Desktop\JAYANTI\projectJayanti\system\View\View.php(213): CodeIgniter\View\View->CodeIgniter\View\{closure}()
#3 C:\Users\XIANGLU\Desktop\JAYANTI\projectJayanti\system\Common.php(1089): CodeIgniter\View\View->render('pages/detailAcc...', Array, true)
#4 C:\Users\XIANGLU\Desktop\JAYANTI\projectJayanti\app\Controllers\Admin.php(40): view('pages/detailAcc...', Array)
#5 C:\Users\XIANGLU\Desktop\JAYANTI\projectJayanti\system\CodeIgniter.php(832): App\Controllers\Admin->detail('delete', '22070038')
#6 C:\Users\XIANGLU\Desktop\JAYANTI\projectJayanti\system\CodeIgniter.php(419): CodeIgniter\CodeIgniter->runController(Object(App\Controllers\Admin))
#7 C:\Users\XIANGLU\Desktop\JAYANTI\projectJayanti\system\CodeIgniter.php(326): CodeIgniter\CodeIgniter->handleRequest(NULL, Object(Config\Cache), false)
#8 C:\Users\XIANGLU\Desktop\JAYANTI\projectJayanti\public\index.php(37): CodeIgniter\CodeIgniter->run()
#9 C:\Users\XIANGLU\Desktop\JAYANTI\projectJayanti\system\Commands\Server\rewrite.php(43): require_once('C:\\Users\\XIANGL...')
#10 {main}
CRITICAL - 2022-08-02 10:23:41 --> Trying to access array offset on value of type null
#0 C:\Users\XIANGLU\Desktop\JAYANTI\projectJayanti\app\Views\pages\detailAccountView.php(17): CodeIgniter\Debug\Exceptions->errorHandler(8, 'Trying to acces...', 'C:\\Users\\XIANGL...', 17, Array)
#1 C:\Users\XIANGLU\Desktop\JAYANTI\projectJayanti\system\View\View.php(210): include('C:\\Users\\XIANGL...')
#2 C:\Users\XIANGLU\Desktop\JAYANTI\projectJayanti\system\View\View.php(213): CodeIgniter\View\View->CodeIgniter\View\{closure}()
#3 C:\Users\XIANGLU\Desktop\JAYANTI\projectJayanti\system\Common.php(1089): CodeIgniter\View\View->render('pages/detailAcc...', Array, true)
#4 C:\Users\XIANGLU\Desktop\JAYANTI\projectJayanti\app\Controllers\Admin.php(40): view('pages/detailAcc...', Array)
#5 C:\Users\XIANGLU\Desktop\JAYANTI\projectJayanti\system\CodeIgniter.php(832): App\Controllers\Admin->detail('delete', '0')
#6 C:\Users\XIANGLU\Desktop\JAYANTI\projectJayanti\system\CodeIgniter.php(419): CodeIgniter\CodeIgniter->runController(Object(App\Controllers\Admin))
#7 C:\Users\XIANGLU\Desktop\JAYANTI\projectJayanti\system\CodeIgniter.php(326): CodeIgniter\CodeIgniter->handleRequest(NULL, Object(Config\Cache), false)
#8 C:\Users\XIANGLU\Desktop\JAYANTI\projectJayanti\public\index.php(37): CodeIgniter\CodeIgniter->run()
#9 C:\Users\XIANGLU\Desktop\JAYANTI\projectJayanti\system\Commands\Server\rewrite.php(43): require_once('C:\\Users\\XIANGL...')
#10 {main}
CRITICAL - 2022-08-02 10:25:21 --> Trying to access array offset on value of type null
#0 C:\Users\XIANGLU\Desktop\JAYANTI\projectJayanti\app\Views\pages\detailAccountView.php(17): CodeIgniter\Debug\Exceptions->errorHandler(8, 'Trying to acces...', 'C:\\Users\\XIANGL...', 17, Array)
#1 C:\Users\XIANGLU\Desktop\JAYANTI\projectJayanti\system\View\View.php(210): include('C:\\Users\\XIANGL...')
#2 C:\Users\XIANGLU\Desktop\JAYANTI\projectJayanti\system\View\View.php(213): CodeIgniter\View\View->CodeIgniter\View\{closure}()
#3 C:\Users\XIANGLU\Desktop\JAYANTI\projectJayanti\system\Common.php(1089): CodeIgniter\View\View->render('pages/detailAcc...', Array, true)
#4 C:\Users\XIANGLU\Desktop\JAYANTI\projectJayanti\app\Controllers\Admin.php(30): view('pages/detailAcc...', Array)
#5 C:\Users\XIANGLU\Desktop\JAYANTI\projectJayanti\system\CodeIgniter.php(832): App\Controllers\Admin->detail('delete', '0')
#6 C:\Users\XIANGLU\Desktop\JAYANTI\projectJayanti\system\CodeIgniter.php(419): CodeIgniter\CodeIgniter->runController(Object(App\Controllers\Admin))
#7 C:\Users\XIANGLU\Desktop\JAYANTI\projectJayanti\system\CodeIgniter.php(326): CodeIgniter\CodeIgniter->handleRequest(NULL, Object(Config\Cache), false)
#8 C:\Users\XIANGLU\Desktop\JAYANTI\projectJayanti\public\index.php(37): CodeIgniter\CodeIgniter->run()
#9 C:\Users\XIANGLU\Desktop\JAYANTI\projectJayanti\system\Commands\Server\rewrite.php(43): require_once('C:\\Users\\XIANGL...')
#10 {main}
CRITICAL - 2022-08-02 10:25:36 --> Trying to access array offset on value of type null
#0 C:\Users\XIANGLU\Desktop\JAYANTI\projectJayanti\app\Views\pages\detailAccountView.php(17): CodeIgniter\Debug\Exceptions->errorHandler(8, 'Trying to acces...', 'C:\\Users\\XIANGL...', 17, Array)
#1 C:\Users\XIANGLU\Desktop\JAYANTI\projectJayanti\system\View\View.php(210): include('C:\\Users\\XIANGL...')
#2 C:\Users\XIANGLU\Desktop\JAYANTI\projectJayanti\system\View\View.php(213): CodeIgniter\View\View->CodeIgniter\View\{closure}()
#3 C:\Users\XIANGLU\Desktop\JAYANTI\projectJayanti\system\Common.php(1089): CodeIgniter\View\View->render('pages/detailAcc...', Array, true)
#4 C:\Users\XIANGLU\Desktop\JAYANTI\projectJayanti\app\Controllers\Admin.php(30): view('pages/detailAcc...', Array)
#5 C:\Users\XIANGLU\Desktop\JAYANTI\projectJayanti\system\CodeIgniter.php(832): App\Controllers\Admin->detail('delete', '0')
#6 C:\Users\XIANGLU\Desktop\JAYANTI\projectJayanti\system\CodeIgniter.php(419): CodeIgniter\CodeIgniter->runController(Object(App\Controllers\Admin))
#7 C:\Users\XIANGLU\Desktop\JAYANTI\projectJayanti\system\CodeIgniter.php(326): CodeIgniter\CodeIgniter->handleRequest(NULL, Object(Config\Cache), false)
#8 C:\Users\XIANGLU\Desktop\JAYANTI\projectJayanti\public\index.php(37): CodeIgniter\CodeIgniter->run()
#9 C:\Users\XIANGLU\Desktop\JAYANTI\projectJayanti\system\Commands\Server\rewrite.php(43): require_once('C:\\Users\\XIANGL...')
#10 {main}
CRITICAL - 2022-08-02 10:25:40 --> Trying to access array offset on value of type null
#0 C:\Users\XIANGLU\Desktop\JAYANTI\projectJayanti\app\Views\pages\detailAccountView.php(17): CodeIgniter\Debug\Exceptions->errorHandler(8, 'Trying to acces...', 'C:\\Users\\XIANGL...', 17, Array)
#1 C:\Users\XIANGLU\Desktop\JAYANTI\projectJayanti\system\View\View.php(210): include('C:\\Users\\XIANGL...')
#2 C:\Users\XIANGLU\Desktop\JAYANTI\projectJayanti\system\View\View.php(213): CodeIgniter\View\View->CodeIgniter\View\{closure}()
#3 C:\Users\XIANGLU\Desktop\JAYANTI\projectJayanti\system\Common.php(1089): CodeIgniter\View\View->render('pages/detailAcc...', Array, true)
#4 C:\Users\XIANGLU\Desktop\JAYANTI\projectJayanti\app\Controllers\Admin.php(30): view('pages/detailAcc...', Array)
#5 C:\Users\XIANGLU\Desktop\JAYANTI\projectJayanti\system\CodeIgniter.php(832): App\Controllers\Admin->detail('delete', '0')
#6 C:\Users\XIANGLU\Desktop\JAYANTI\projectJayanti\system\CodeIgniter.php(419): CodeIgniter\CodeIgniter->runController(Object(App\Controllers\Admin))
#7 C:\Users\XIANGLU\Desktop\JAYANTI\projectJayanti\system\CodeIgniter.php(326): CodeIgniter\CodeIgniter->handleRequest(NULL, Object(Config\Cache), false)
#8 C:\Users\XIANGLU\Desktop\JAYANTI\projectJayanti\public\index.php(37): CodeIgniter\CodeIgniter->run()
#9 C:\Users\XIANGLU\Desktop\JAYANTI\projectJayanti\system\Commands\Server\rewrite.php(43): require_once('C:\\Users\\XIANGL...')
#10 {main}
CRITICAL - 2022-08-02 10:33:25 --> Trying to access array offset on value of type null
#0 C:\Users\XIANGLU\Desktop\JAYANTI\projectJayanti\app\Views\pages\detailAccountView.php(17): CodeIgniter\Debug\Exceptions->errorHandler(8, 'Trying to acces...', 'C:\\Users\\XIANGL...', 17, Array)
#1 C:\Users\XIANGLU\Desktop\JAYANTI\projectJayanti\system\View\View.php(210): include('C:\\Users\\XIANGL...')
#2 C:\Users\XIANGLU\Desktop\JAYANTI\projectJayanti\system\View\View.php(213): CodeIgniter\View\View->CodeIgniter\View\{closure}()
#3 C:\Users\XIANGLU\Desktop\JAYANTI\projectJayanti\system\Common.php(1089): CodeIgniter\View\View->render('pages/detailAcc...', Array, true)
#4 C:\Users\XIANGLU\Desktop\JAYANTI\projectJayanti\app\Controllers\Admin.php(30): view('pages/detailAcc...', Array)
#5 C:\Users\XIANGLU\Desktop\JAYANTI\projectJayanti\system\CodeIgniter.php(832): App\Controllers\Admin->detail('delete', '1235489')
#6 C:\Users\XIANGLU\Desktop\JAYANTI\projectJayanti\system\CodeIgniter.php(419): CodeIgniter\CodeIgniter->runController(Object(App\Controllers\Admin))
#7 C:\Users\XIANGLU\Desktop\JAYANTI\projectJayanti\system\CodeIgniter.php(326): CodeIgniter\CodeIgniter->handleRequest(NULL, Object(Config\Cache), false)
#8 C:\Users\XIANGLU\Desktop\JAYANTI\projectJayanti\public\index.php(37): CodeIgniter\CodeIgniter->run()
#9 C:\Users\XIANGLU\Desktop\JAYANTI\projectJayanti\system\Commands\Server\rewrite.php(43): require_once('C:\\Users\\XIANGL...')
#10 {main}
CRITICAL - 2022-08-02 10:34:07 --> Trying to access array offset on value of type null
#0 C:\Users\XIANGLU\Desktop\JAYANTI\projectJayanti\app\Views\pages\detailAccountView.php(17): CodeIgniter\Debug\Exceptions->errorHandler(8, 'Trying to acces...', 'C:\\Users\\XIANGL...', 17, Array)
#1 C:\Users\XIANGLU\Desktop\JAYANTI\projectJayanti\system\View\View.php(210): include('C:\\Users\\XIANGL...')
#2 C:\Users\XIANGLU\Desktop\JAYANTI\projectJayanti\system\View\View.php(213): CodeIgniter\View\View->CodeIgniter\View\{closure}()
#3 C:\Users\XIANGLU\Desktop\JAYANTI\projectJayanti\system\Common.php(1089): CodeIgniter\View\View->render('pages/detailAcc...', Array, true)
#4 C:\Users\XIANGLU\Desktop\JAYANTI\projectJayanti\app\Controllers\Admin.php(30): view('pages/detailAcc...', Array)
#5 C:\Users\XIANGLU\Desktop\JAYANTI\projectJayanti\system\CodeIgniter.php(832): App\Controllers\Admin->detail('delete', '1235489')
#6 C:\Users\XIANGLU\Desktop\JAYANTI\projectJayanti\system\CodeIgniter.php(419): CodeIgniter\CodeIgniter->runController(Object(App\Controllers\Admin))
#7 C:\Users\XIANGLU\Desktop\JAYANTI\projectJayanti\system\CodeIgniter.php(326): CodeIgniter\CodeIgniter->handleRequest(NULL, Object(Config\Cache), false)
#8 C:\Users\XIANGLU\Desktop\JAYANTI\projectJayanti\public\index.php(37): CodeIgniter\CodeIgniter->run()
#9 C:\Users\XIANGLU\Desktop\JAYANTI\projectJayanti\system\Commands\Server\rewrite.php(43): require_once('C:\\Users\\XIANGL...')
#10 {main}
CRITICAL - 2022-08-02 10:38:38 --> Trying to access array offset on value of type null
#0 C:\Users\XIANGLU\Desktop\JAYANTI\projectJayanti\app\Views\pages\detailAccountView.php(17): CodeIgniter\Debug\Exceptions->errorHandler(8, 'Trying to acces...', 'C:\\Users\\XIANGL...', 17, Array)
#1 C:\Users\XIANGLU\Desktop\JAYANTI\projectJayanti\system\View\View.php(210): include('C:\\Users\\XIANGL...')
#2 C:\Users\XIANGLU\Desktop\JAYANTI\projectJayanti\system\View\View.php(213): CodeIgniter\View\View->CodeIgniter\View\{closure}()
#3 C:\Users\XIANGLU\Desktop\JAYANTI\projectJayanti\system\Common.php(1089): CodeIgniter\View\View->render('pages/detailAcc...', Array, true)
#4 C:\Users\XIANGLU\Desktop\JAYANTI\projectJayanti\app\Controllers\Admin.php(30): view('pages/detailAcc...', Array)
#5 C:\Users\XIANGLU\Desktop\JAYANTI\projectJayanti\system\CodeIgniter.php(832): App\Controllers\Admin->detail('delete', '1235489')
#6 C:\Users\XIANGLU\Desktop\JAYANTI\projectJayanti\system\CodeIgniter.php(419): CodeIgniter\CodeIgniter->runController(Object(App\Controllers\Admin))
#7 C:\Users\XIANGLU\Desktop\JAYANTI\projectJayanti\system\CodeIgniter.php(326): CodeIgniter\CodeIgniter->handleRequest(NULL, Object(Config\Cache), false)
#8 C:\Users\XIANGLU\Desktop\JAYANTI\projectJayanti\public\index.php(37): CodeIgniter\CodeIgniter->run()
#9 C:\Users\XIANGLU\Desktop\JAYANTI\projectJayanti\system\Commands\Server\rewrite.php(43): require_once('C:\\Users\\XIANGL...')
#10 {main}
CRITICAL - 2022-08-02 10:39:57 --> Trying to access array offset on value of type null
#0 C:\Users\XIANGLU\Desktop\JAYANTI\projectJayanti\app\Views\pages\detailAccountView.php(17): CodeIgniter\Debug\Exceptions->errorHandler(8, 'Trying to acces...', 'C:\\Users\\XIANGL...', 17, Array)
#1 C:\Users\XIANGLU\Desktop\JAYANTI\projectJayanti\system\View\View.php(210): include('C:\\Users\\XIANGL...')
#2 C:\Users\XIANGLU\Desktop\JAYANTI\projectJayanti\system\View\View.php(213): CodeIgniter\View\View->CodeIgniter\View\{closure}()
#3 C:\Users\XIANGLU\Desktop\JAYANTI\projectJayanti\system\Common.php(1089): CodeIgniter\View\View->render('pages/detailAcc...', Array, true)
#4 C:\Users\XIANGLU\Desktop\JAYANTI\projectJayanti\app\Controllers\Admin.php(30): view('pages/detailAcc...', Array)
#5 C:\Users\XIANGLU\Desktop\JAYANTI\projectJayanti\system\CodeIgniter.php(832): App\Controllers\Admin->detail('delete', '1235489')
#6 C:\Users\XIANGLU\Desktop\JAYANTI\projectJayanti\system\CodeIgniter.php(419): CodeIgniter\CodeIgniter->runController(Object(App\Controllers\Admin))
#7 C:\Users\XIANGLU\Desktop\JAYANTI\projectJayanti\system\CodeIgniter.php(326): CodeIgniter\CodeIgniter->handleRequest(NULL, Object(Config\Cache), false)
#8 C:\Users\XIANGLU\Desktop\JAYANTI\projectJayanti\public\index.php(37): CodeIgniter\CodeIgniter->run()
#9 C:\Users\XIANGLU\Desktop\JAYANTI\projectJayanti\system\Commands\Server\rewrite.php(43): require_once('C:\\Users\\XIANGL...')
#10 {main}
CRITICAL - 2022-08-02 10:42:16 --> Deletes are not allowed unless they contain a "where" or "like" clause.
#0 C:\Users\XIANGLU\Desktop\JAYANTI\projectJayanti\system\Model.php(359): CodeIgniter\Database\BaseBuilder->delete()
#1 C:\Users\XIANGLU\Desktop\JAYANTI\projectJayanti\system\BaseModel.php(963): CodeIgniter\Model->doDelete('0', false)
#2 C:\Users\XIANGLU\Desktop\JAYANTI\projectJayanti\app\Controllers\Admin.php(136): CodeIgniter\BaseModel->delete('0')
#3 C:\Users\XIANGLU\Desktop\JAYANTI\projectJayanti\system\CodeIgniter.php(832): App\Controllers\Admin->delete('0')
#4 C:\Users\XIANGLU\Desktop\JAYANTI\projectJayanti\system\CodeIgniter.php(419): CodeIgniter\CodeIgniter->runController(Object(App\Controllers\Admin))
#5 C:\Users\XIANGLU\Desktop\JAYANTI\projectJayanti\system\CodeIgniter.php(326): CodeIgniter\CodeIgniter->handleRequest(NULL, Object(Config\Cache), false)
#6 C:\Users\XIANGLU\Desktop\JAYANTI\projectJayanti\public\index.php(37): CodeIgniter\CodeIgniter->run()
#7 C:\Users\XIANGLU\Desktop\JAYANTI\projectJayanti\system\Commands\Server\rewrite.php(43): require_once('C:\\Users\\XIANGL...')
#8 {main}
CRITICAL - 2022-08-02 10:42:22 --> Deletes are not allowed unless they contain a "where" or "like" clause.
#0 C:\Users\XIANGLU\Desktop\JAYANTI\projectJayanti\system\Model.php(359): CodeIgniter\Database\BaseBuilder->delete()
#1 C:\Users\XIANGLU\Desktop\JAYANTI\projectJayanti\system\BaseModel.php(963): CodeIgniter\Model->doDelete('0', false)
#2 C:\Users\XIANGLU\Desktop\JAYANTI\projectJayanti\app\Controllers\Admin.php(136): CodeIgniter\BaseModel->delete('0')
#3 C:\Users\XIANGLU\Desktop\JAYANTI\projectJayanti\system\CodeIgniter.php(832): App\Controllers\Admin->delete('0')
#4 C:\Users\XIANGLU\Desktop\JAYANTI\projectJayanti\system\CodeIgniter.php(419): CodeIgniter\CodeIgniter->runController(Object(App\Controllers\Admin))
#5 C:\Users\XIANGLU\Desktop\JAYANTI\projectJayanti\system\CodeIgniter.php(326): CodeIgniter\CodeIgniter->handleRequest(NULL, Object(Config\Cache), false)
#6 C:\Users\XIANGLU\Desktop\JAYANTI\projectJayanti\public\index.php(37): CodeIgniter\CodeIgniter->run()
#7 C:\Users\XIANGLU\Desktop\JAYANTI\projectJayanti\system\Commands\Server\rewrite.php(43): require_once('C:\\Users\\XIANGL...')
#8 {main}
CRITICAL - 2022-08-02 10:42:40 --> Trying to access array offset on value of type null
#0 C:\Users\XIANGLU\Desktop\JAYANTI\projectJayanti\app\Views\pages\detailAccountView.php(17): CodeIgniter\Debug\Exceptions->errorHandler(8, 'Trying to acces...', 'C:\\Users\\XIANGL...', 17, Array)
#1 C:\Users\XIANGLU\Desktop\JAYANTI\projectJayanti\system\View\View.php(210): include('C:\\Users\\XIANGL...')
#2 C:\Users\XIANGLU\Desktop\JAYANTI\projectJayanti\system\View\View.php(213): CodeIgniter\View\View->CodeIgniter\View\{closure}()
#3 C:\Users\XIANGLU\Desktop\JAYANTI\projectJayanti\system\Common.php(1089): CodeIgniter\View\View->render('pages/detailAcc...', Array, true)
#4 C:\Users\XIANGLU\Desktop\JAYANTI\projectJayanti\app\Controllers\Admin.php(30): view('pages/detailAcc...', Array)
#5 C:\Users\XIANGLU\Desktop\JAYANTI\projectJayanti\system\CodeIgniter.php(832): App\Controllers\Admin->detail('delete', '1235489')
#6 C:\Users\XIANGLU\Desktop\JAYANTI\projectJayanti\system\CodeIgniter.php(419): CodeIgniter\CodeIgniter->runController(Object(App\Controllers\Admin))
#7 C:\Users\XIANGLU\Desktop\JAYANTI\projectJayanti\system\CodeIgniter.php(326): CodeIgniter\CodeIgniter->handleRequest(NULL, Object(Config\Cache), false)
#8 C:\Users\XIANGLU\Desktop\JAYANTI\projectJayanti\public\index.php(37): CodeIgniter\CodeIgniter->run()
#9 C:\Users\XIANGLU\Desktop\JAYANTI\projectJayanti\system\Commands\Server\rewrite.php(43): require_once('C:\\Users\\XIANGL...')
#10 {main}
CRITICAL - 2022-08-02 10:42:45 --> Trying to access array offset on value of type null
#0 C:\Users\XIANGLU\Desktop\JAYANTI\projectJayanti\app\Views\pages\detailAccountView.php(17): CodeIgniter\Debug\Exceptions->errorHandler(8, 'Trying to acces...', 'C:\\Users\\XIANGL...', 17, Array)
#1 C:\Users\XIANGLU\Desktop\JAYANTI\projectJayanti\system\View\View.php(210): include('C:\\Users\\XIANGL...')
#2 C:\Users\XIANGLU\Desktop\JAYANTI\projectJayanti\system\View\View.php(213): CodeIgniter\View\View->CodeIgniter\View\{closure}()
#3 C:\Users\XIANGLU\Desktop\JAYANTI\projectJayanti\system\Common.php(1089): CodeIgniter\View\View->render('pages/detailAcc...', Array, true)
#4 C:\Users\XIANGLU\Desktop\JAYANTI\projectJayanti\app\Controllers\Admin.php(30): view('pages/detailAcc...', Array)
#5 C:\Users\XIANGLU\Desktop\JAYANTI\projectJayanti\system\CodeIgniter.php(832): App\Controllers\Admin->detail('delete', '1235489')
#6 C:\Users\XIANGLU\Desktop\JAYANTI\projectJayanti\system\CodeIgniter.php(419): CodeIgniter\CodeIgniter->runController(Object(App\Controllers\Admin))
#7 C:\Users\XIANGLU\Desktop\JAYANTI\projectJayanti\system\CodeIgniter.php(326): CodeIgniter\CodeIgniter->handleRequest(NULL, Object(Config\Cache), false)
#8 C:\Users\XIANGLU\Desktop\JAYANTI\projectJayanti\public\index.php(37): CodeIgniter\CodeIgniter->run()
#9 C:\Users\XIANGLU\Desktop\JAYANTI\projectJayanti\system\Commands\Server\rewrite.php(43): require_once('C:\\Users\\XIANGL...')
#10 {main}
CRITICAL - 2022-08-02 10:43:28 --> Deletes are not allowed unless they contain a "where" or "like" clause.
#0 C:\Users\XIANGLU\Desktop\JAYANTI\projectJayanti\system\Model.php(359): CodeIgniter\Database\BaseBuilder->delete()
#1 C:\Users\XIANGLU\Desktop\JAYANTI\projectJayanti\system\BaseModel.php(963): CodeIgniter\Model->doDelete('0', false)
#2 C:\Users\XIANGLU\Desktop\JAYANTI\projectJayanti\app\Controllers\Admin.php(136): CodeIgniter\BaseModel->delete('0')
#3 C:\Users\XIANGLU\Desktop\JAYANTI\projectJayanti\system\CodeIgniter.php(832): App\Controllers\Admin->delete('0')
#4 C:\Users\XIANGLU\Desktop\JAYANTI\projectJayanti\system\CodeIgniter.php(419): CodeIgniter\CodeIgniter->runController(Object(App\Controllers\Admin))
#5 C:\Users\XIANGLU\Desktop\JAYANTI\projectJayanti\system\CodeIgniter.php(326): CodeIgniter\CodeIgniter->handleRequest(NULL, Object(Config\Cache), false)
#6 C:\Users\XIANGLU\Desktop\JAYANTI\projectJayanti\public\index.php(37): CodeIgniter\CodeIgniter->run()
#7 C:\Users\XIANGLU\Desktop\JAYANTI\projectJayanti\system\Commands\Server\rewrite.php(43): require_once('C:\\Users\\XIANGL...')
#8 {main}
